Information: Updating design information... (UID-85)
 
****************************************
Report : timing
        -path full
        -delay max
        -max_paths 1
Design : MyDesign
Version: T-2022.03-SP4
Date   : Sun Nov 17 17:24:40 2024
****************************************

Operating Conditions: slow   Library: NangateOpenCellLibrary_PDKv1_2_v2008_10_slow_nldm
Wire Load Model Mode: top

  Startpoint: dot_counter_reg[13]
              (rising edge-triggered flip-flop clocked by clk)
  Endpoint: dut__tb__sram_scratchpad_write_address[14]
            (output port clocked by clk)
  Path Group: clk
  Path Type: max

  Point                                                   Incr       Path
  --------------------------------------------------------------------------
  clock clk (rise edge)                                 0.0000     0.0000
  clock network delay (ideal)                           0.0000     0.0000
  dot_counter_reg[13]/CK (DFFR_X2)                      0.0000     0.0000 r
  dot_counter_reg[13]/QN (DFFR_X2)                      0.4501     0.4501 r
  U1745/Z (BUF_X8)                                      0.2239     0.6740 r
  U1744/ZN (INV_X8)                                     0.0633     0.7373 f
  U6166/ZN (OAI21_X2)                                   0.3109     1.0481 r
  U1588/ZN (NAND4_X2)                                   0.1631     1.2112 f
  U2410/ZN (NAND2_X2)                                   0.0994     1.3107 r
  U5154/ZN (NAND2_X2)                                   0.0591     1.3698 f
  U3602/ZN (NAND2_X2)                                   0.1735     1.5433 r
  U1575/ZN (NAND2_X2)                                   0.0694     1.6127 f
  U3559/ZN (NAND3_X1)                                   0.1938     1.8065 r
  U2392/ZN (NAND2_X2)                                   0.0759     1.8824 f
  U5005/ZN (NAND2_X2)                                   0.1521     2.0345 r
  U4979/ZN (NAND2_X4)                                   0.1120     2.1465 f
  U2372/ZN (NAND2_X1)                                   0.1285     2.2750 r
  U2368/ZN (NAND2_X2)                                   0.0757     2.3507 f
  U4720/ZN (INV_X2)                                     0.0724     2.4231 r
  U3491/ZN (NAND2_X2)                                   0.0623     2.4854 f
  U4443/ZN (NAND2_X2)                                   0.1094     2.5948 r
  U1557/ZN (NAND2_X4)                                   0.0832     2.6780 f
  U1554/ZN (NAND3_X1)                                   0.2526     2.9306 r
  U1671/ZN (NAND3_X1)                                   0.2055     3.1361 f
  U1709/ZN (NAND2_X2)                                   0.1329     3.2689 r
  U3426/ZN (NAND2_X1)                                   0.0712     3.3402 f
  U3418/ZN (AND2_X2)                                    0.1758     3.5160 f
  U3382/ZN (NAND3_X1)                                   0.1892     3.7052 r
  U5265/ZN (INV_X1)                                     0.0651     3.7703 f
  U8006/ZN (NAND2_X1)                                   0.1331     3.9035 r
  U4872/ZN (NAND3_X2)                                   0.0792     3.9827 f
  U4500/ZN (INV_X2)                                     0.0740     4.0567 r
  U4499/ZN (NAND2_X2)                                   0.0512     4.1079 f
  U4498/ZN (NAND2_X2)                                   0.1307     4.2386 r
  U4069/ZN (INV_X4)                                     0.0604     4.2990 f
  U1168/ZN (NAND2_X1)                                   0.1471     4.4461 r
  U8018/ZN (NAND2_X1)                                   0.1012     4.5473 f
  U5028/ZN (NAND4_X2)                                   0.2705     4.8178 r
  U4288/ZN (NAND3_X2)                                   0.1321     4.9499 f
  U4781/ZN (INV_X4)                                     0.0894     5.0393 r
  U4876/ZN (INV_X4)                                     0.0417     5.0810 f
  U3204/ZN (AND2_X1)                                    0.1570     5.2381 f
  U4415/ZN (NAND3_X2)                                   0.1965     5.4346 r
  U4361/ZN (NAND3_X2)                                   0.1277     5.5623 f
  U4358/ZN (NAND2_X2)                                   0.1195     5.6818 r
  U4798/ZN (NAND2_X2)                                   0.0812     5.7629 f
  U1169/ZN (NAND2_X1)                                   0.1368     5.8997 r
  U3103/ZN (INV_X2)                                     0.0775     5.9773 f
  U3094/ZN (NAND2_X1)                                   0.1270     6.1043 r
  U1487/ZN (NAND2_X2)                                   0.0782     6.1825 f
  U1659/ZN (XNOR2_X2)                                   0.2398     6.4223 f
  U4817/ZN (OAI21_X1)                                   0.2827     6.7049 r
  U3035/ZN (INV_X2)                                     0.0771     6.7820 f
  U4278/ZN (NAND2_X2)                                   0.1491     6.9311 r
  U1191/ZN (NAND2_X1)                                   0.1182     7.0493 f
  U4734/ZN (NAND2_X2)                                   0.1132     7.1626 r
  U2962/ZN (INV_X2)                                     0.0564     7.2190 f
  U4002/ZN (NAND3_X2)                                   0.2095     7.4284 r
  U4001/ZN (INV_X4)                                     0.0639     7.4923 f
  U1604/ZN (NAND3_X2)                                   0.1043     7.5966 r
  U5869/ZN (NAND3_X2)                                   0.0835     7.6801 f
  U2112/ZN (INV_X1)                                     0.0832     7.7633 r
  U2864/ZN (NAND2_X1)                                   0.0639     7.8272 f
  U3950/ZN (NAND2_X2)                                   0.1725     7.9997 r
  U2095/ZN (NAND2_X1)                                   0.1230     8.1227 f
  U1765/ZN (NAND2_X4)                                   0.1546     8.2773 r
  U1764/ZN (NAND2_X2)                                   0.0682     8.3455 f
  U3927/ZN (NAND2_X2)                                   0.1117     8.4572 r
  U3926/ZN (NAND2_X2)                                   0.0655     8.5227 f
  U2764/ZN (NAND2_X2)                                   0.1622     8.6849 r
  U2065/ZN (NAND2_X1)                                   0.0876     8.7726 f
  U2062/ZN (NAND2_X1)                                   0.1098     8.8823 r
  U2737/ZN (NAND2_X1)                                   0.0840     8.9664 f
  U3940/ZN (NAND2_X2)                                   0.1304     9.0968 r
  U2709/ZN (NAND2_X1)                                   0.0913     9.1881 f
  U3939/ZN (NAND2_X2)                                   0.1113     9.2994 r
  U4745/ZN (XNOR2_X2)                                   0.2675     9.5669 r
  U4744/ZN (NAND2_X2)                                   0.0758     9.6427 f
  U1435/ZN (NAND4_X2)                                   0.2783     9.9210 r
  U3935/ZN (XNOR2_X1)                                   0.3608    10.2818 r
  U2002/ZN (NAND2_X1)                                   0.0952    10.3770 f
  U1264/ZN (NAND2_X1)                                   0.2619    10.6389 r
  U2544/ZN (NAND2_X1)                                   0.1077    10.7466 f
  U5755/ZN (NAND2_X2)                                   0.1698    10.9164 r
  U3990/ZN (XNOR2_X2)                                   0.3072    11.2236 r
  U3989/ZN (XNOR2_X2)                                   0.3419    11.5655 r
  U2493/ZN (INV_X2)                                     0.0671    11.6326 f
  U4286/ZN (NAND2_X2)                                   0.1145    11.7471 r
  U1840/ZN (NAND3_X2)                                   0.0916    11.8387 f
  U4083/ZN (NAND2_X2)                                   0.1364    11.9751 r
  U4008/ZN (NAND2_X2)                                   0.0839    12.0591 f
  U1791/ZN (NAND2_X2)                                   0.1433    12.2023 r
  U1790/ZN (NAND2_X4)                                   0.0728    12.2751 f
  U1436/ZN (NOR2_X1)                                    0.1841    12.4592 r
  U4653/ZN (NAND4_X2)                                   0.1427    12.6019 f
  U4652/ZN (NAND2_X4)                                   0.2815    12.8834 r
  dut__tb__sram_scratchpad_write_address[14] (out)      0.0000    12.8834 r
  data arrival time                                               12.8834

  clock clk (rise edge)                                13.5000    13.5000
  clock network delay (ideal)                           0.0000    13.5000
  clock uncertainty                                    -0.0500    13.4500
  output external delay                                -0.5660    12.8840
  data required time                                              12.8840
  --------------------------------------------------------------------------
  data required time                                              12.8840
  data arrival time                                              -12.8834
  --------------------------------------------------------------------------
  slack (MET)                                                      0.0006


1
